<?xml version="1.0" encoding="UTF-8"?>
<!-- Generated by org.testng.reporters.JUnitReportReporter -->
<testsuite hostname="STEPHEN" failures="0" tests="3" name="com.SwagLabs.TestCases.CartPageTest" time="6.344" errors="0" timestamp="2024-10-08T11:22:06 IST" skipped="0">
  <testcase classname="com.SwagLabs.TestCases.CartPageTest" name="validateRemove" time="1.570"/>
  <system-out/>
  <testcase classname="com.SwagLabs.TestCases.CartPageTest" name="validateContinueShopping" time="4.728"/>
  <system-out/>
  <testcase classname="com.SwagLabs.TestCases.CartPageTest" name="navigateToCheckoutPage" time="0.046"/>
  <system-out/>
</testsuite> <!-- com.SwagLabs.TestCases.CartPageTest -->
