<?xml version="1.0" encoding="UTF-8"?>
<!-- Generated by org.testng.reporters.JUnitReportReporter -->
<testsuite hostname="STEPHEN" failures="0" tests="3" name="com.SwagLabs.TestCases.LoginPageTest" time="0.268" errors="0" timestamp="2024-10-08T11:22:06 IST" skipped="0">
  <testcase classname="com.SwagLabs.TestCases.LoginPageTest" name="validateUrl" time="0.018"/>
  <system-out/>
  <testcase classname="com.SwagLabs.TestCases.LoginPageTest" name="validateTitle" time="0.008"/>
  <system-out/>
  <testcase classname="com.SwagLabs.TestCases.LoginPageTest" name="validateLogin" time="0.242"/>
  <system-out/>
</testsuite> <!-- com.SwagLabs.TestCases.LoginPageTest -->
