<?xml version="1.0" encoding="UTF-8"?>
<!-- Generated by org.testng.reporters.JUnitReportReporter -->
<testsuite hostname="STEPHEN" failures="0" tests="1" name="com.SwagLabs.TestCases.CheckoutPageTest" time="0.355" errors="0" timestamp="2024-10-08T16:44:15 IST" skipped="0">
  <testcase classname="com.SwagLabs.TestCases.CheckoutPageTest" name="validateCheckout" time="0.355"/>
  <system-out/>
</testsuite> <!-- com.SwagLabs.TestCases.CheckoutPageTest -->
